mat@MatComputer2:~/Projects/tweakers/MAT-tweakers$ npm create tauri-app@latest
Need to install the following packages:
  create-tauri-app@4.6.2
Ok to proceed? (y) y
✔ Project name · mat-tweakers
✔ Identifier · com.mat.tweakers
✔ Choose which language to use for your frontend · TypeScript / JavaScript - (pnpm, yarn, npm, deno, bun)
✔ Choose your package manager · npm
✔ Choose your UI template · Vanilla
✔ Choose your UI flavor · JavaScript

Template created!

Your system is missing dependencies (or they do not exist in $PATH):
╭────────────────────┬─────────────────────────────────────────────────────╮
│ webkit2gtk & rsvg2 │ Visit https://tauri.app/guides/prerequisites/#linux │
╰────────────────────┴─────────────────────────────────────────────────────╯

Make sure you have installed the prerequisites for your OS: https://tauri.app/start/prerequisites/, then run:
  cd mat-tweakers
  npm install
  npm run tauri android init

For Desktop development, run:
  npm run tauri dev

For Android development, run:
  npm run tauri android dev
